<?xml version="1.0" encoding="UTF-8"?>
<testng-results ignored="0" total="2" passed="2" failed="0" skipped="0">
  <reporter-output>
  </reporter-output>
  <suite started-at="2022-10-09T11:50:01 IST" name="Default suite" finished-at="2022-10-09T11:50:01 IST" duration-ms="34">
    <groups>
    </groups>
    <test started-at="2022-10-09T11:50:01 IST" name="Default test" finished-at="2022-10-09T11:50:01 IST" duration-ms="34">
      <class name="Classes.pp">
        <test-method signature="method1()[pri:-1, instance:Classes.pp@48ae9b55]" started-at="2022-10-09T11:50:01 IST" name="method1" finished-at="2022-10-09T11:50:01 IST" duration-ms="5" status="PASS">
          <reporter-output>
          </reporter-output>
        </test-method> <!-- method1 -->
        <test-method signature="method2()[pri:0, instance:Classes.pp@48ae9b55]" started-at="2022-10-09T11:50:01 IST" name="method2" finished-at="2022-10-09T11:50:01 IST" duration-ms="0" status="PASS">
          <reporter-output>
          </reporter-output>
        </test-method> <!-- method2 -->
      </class> <!-- Classes.pp -->
    </test> <!-- Default test -->
  </suite> <!-- Default suite -->
</testng-results>
